<?xml version="1.0" encoding="UTF-8"?>
<!-- Generated by org.testng.reporters.JUnitXMLReporter -->
<testsuite ignored="3" hostname="NAYANA" failures="0" tests="1" name="Test1" time="6.01" errors="0" timestamp="2026-09-09T18:55:08 IST">
  <testcase classname="testScript.LoginTest" name="verifyUserLoginWithValidCredentials" time="2.711"/>
  <testcase classname="testScript.LoginTest" name="verifyUserLoginWithInvalidUsernameValidPassword" time="0.0">
    <ignored/>
  </testcase> <!-- verifyUserLoginWithInvalidUsernameValidPassword -->
  <testcase classname="testScript.LoginTest" name="verifyUserLoginWithInvalidCredentials" time="0.0">
    <ignored/>
  </testcase> <!-- verifyUserLoginWithInvalidCredentials -->
  <testcase classname="testScript.LoginTest" name="verifyUserLoginWithValidUsernameInvalidPassword" time="0.0">
    <ignored/>
  </testcase> <!-- verifyUserLoginWithValidUsernameInvalidPassword -->
</testsuite> <!-- Test1 -->
