<?xml version="1.0" encoding="UTF-8"?>
<!-- Generated by org.testng.reporters.JUnitReportReporter -->
<testsuite hostname="NAYANA" failures="0" tests="2" name="testScript.LoginTest" time="9.406" errors="0" timestamp="2026-09-17T10:36:12 IST" skipped="0">
  <testcase classname="testScript.LoginTest" name="verifyUserLoginWithInvalidCredentials" time="4.593"/>
  <testcase classname="testScript.LoginTest" name="verifyUserLoginWithInvalidCredentials" time="4.813"/>
</testsuite> <!-- testScript.LoginTest -->
