<?xml version="1.0" encoding="UTF-8"?>
<testng-results ignored="0" total="2" passed="2" failed="0" skipped="0">
  <reporter-output>
  </reporter-output>
  <suite started-at="2026-09-10T19:16:13 IST" name="Suite" finished-at="2026-09-10T19:16:22 IST" duration-ms="9009">
    <groups>
      <group name="smoke">
        <method signature="LoginTest.verifyUserLoginWithInvalidCredentials(java.lang.String,java.lang.String)[pri:4, instance:testScript.LoginTest@45385f75]" name="verifyUserLoginWithInvalidCredentials" class="testScript.LoginTest"/>
      </group> <!-- smoke -->
    </groups>
    <test started-at="2026-09-10T19:16:13 IST" name="Test" finished-at="2026-09-10T19:16:22 IST" duration-ms="9009">
      <class name="testScript.LoginTest">
        <test-method is-config="true" signature="browserInitialization(java.lang.String)[pri:0, instance:testScript.LoginTest@45385f75]" started-at="2026-09-10T19:16:13 IST" name="browserInitialization" finished-at="2026-09-10T19:16:18 IST" duration-ms="4783" status="PASS">
          <params>
            <param index="0">
              <value>
                <![CDATA[Chrome]]>
              </value>
            </param>
          </params>
          <reporter-output>
          </reporter-output>
        </test-method> <!-- browserInitialization -->
        <test-method signature="verifyUserLoginWithInvalidCredentials(java.lang.String,java.lang.String)[pri:4, instance:testScript.LoginTest@45385f75]" started-at="2026-09-10T19:16:18 IST" name="verifyUserLoginWithInvalidCredentials" description="User is trying to login with invalid credentials" data-provider="LoginData" finished-at="2026-09-10T19:16:19 IST" duration-ms="899" status="PASS">
          <params>
            <param index="0">
              <value>
                <![CDATA[admin]]>
              </value>
            </param>
            <param index="1">
              <value>
                <![CDATA[admin22]]>
              </value>
            </param>
          </params>
          <reporter-output>
          </reporter-output>
        </test-method> <!-- verifyUserLoginWithInvalidCredentials -->
        <test-method is-config="true" signature="closeBrowser(org.testng.ITestResult)[pri:0, instance:testScript.LoginTest@45385f75]" started-at="2026-09-10T19:16:19 IST" name="closeBrowser" finished-at="2026-09-10T19:16:19 IST" duration-ms="4" status="PASS">
          <params>
            <param index="0">
              <value>
                <![CDATA[[TestResult name=verifyUserLoginWithInvalidCredentials status=SUCCESS method=LoginTest.verifyUserLoginWithInvalidCredentials(java.lang.String,java.lang.String)[pri:4, instance:testScript.LoginTest@45385f75] output={null}]]]>
              </value>
            </param>
          </params>
          <reporter-output>
          </reporter-output>
        </test-method> <!-- closeBrowser -->
        <test-method is-config="true" signature="browserInitialization(java.lang.String)[pri:0, instance:testScript.LoginTest@45385f75]" started-at="2026-09-10T19:16:19 IST" name="browserInitialization" finished-at="2026-09-10T19:16:21 IST" duration-ms="2268" status="PASS">
          <params>
            <param index="0">
              <value>
                <![CDATA[Chrome]]>
              </value>
            </param>
          </params>
          <reporter-output>
          </reporter-output>
        </test-method> <!-- browserInitialization -->
        <test-method signature="verifyUserLoginWithInvalidCredentials(java.lang.String,java.lang.String)[pri:4, instance:testScript.LoginTest@45385f75]" started-at="2026-09-10T19:16:21 IST" name="verifyUserLoginWithInvalidCredentials" description="User is trying to login with invalid credentials" data-provider="LoginData" finished-at="2026-09-10T19:16:22 IST" duration-ms="750" status="PASS">
          <params>
            <param index="0">
              <value>
                <![CDATA[admin123]]>
              </value>
            </param>
            <param index="1">
              <value>
                <![CDATA[admin123]]>
              </value>
            </param>
          </params>
          <reporter-output>
          </reporter-output>
        </test-method> <!-- verifyUserLoginWithInvalidCredentials -->
        <test-method is-config="true" signature="closeBrowser(org.testng.ITestResult)[pri:0, instance:testScript.LoginTest@45385f75]" started-at="2026-09-10T19:16:22 IST" name="closeBrowser" finished-at="2026-09-10T19:16:22 IST" duration-ms="6" status="PASS">
          <params>
            <param index="0">
              <value>
                <![CDATA[[TestResult name=verifyUserLoginWithInvalidCredentials status=SUCCESS method=LoginTest.verifyUserLoginWithInvalidCredentials(java.lang.String,java.lang.String)[pri:4, instance:testScript.LoginTest@45385f75] output={null}]]]>
              </value>
            </param>
          </params>
          <reporter-output>
          </reporter-output>
        </test-method> <!-- closeBrowser -->
      </class> <!-- testScript.LoginTest -->
    </test> <!-- Test -->
  </suite> <!-- Suite -->
</testng-results>
