<?xml version="1.0" encoding="UTF-8"?>
<!-- Generated by org.testng.reporters.JUnitXMLReporter -->
<testsuite ignored="3" hostname="NAYANA" failures="0" tests="1" name="Default test" time="7.445" errors="0" timestamp="2026-09-03T19:48:57 IST">
  <testcase classname="testScript.LoginTest" name="verifyUserLoginWithValidCredentials" time="3.631"/>
  <testcase classname="testScript.LoginTest" name="verifyUserLoginWithValidUsernameInvalidPassword" time="0.0">
    <ignored/>
  </testcase> <!-- verifyUserLoginWithValidUsernameInvalidPassword -->
  <testcase classname="testScript.LoginTest" name="verifyUserLoginWithInvalidUsernameValidPassword" time="0.0">
    <ignored/>
  </testcase> <!-- verifyUserLoginWithInvalidUsernameValidPassword -->
  <testcase classname="testScript.LoginTest" name="verifyUserLoginWithInvalidCredentials" time="0.0">
    <ignored/>
  </testcase> <!-- verifyUserLoginWithInvalidCredentials -->
</testsuite> <!-- Default test -->
