<?xml version="1.0" encoding="UTF-8"?>
<!-- Generated by org.testng.reporters.JUnitXMLReporter -->
<testsuite ignored="3" hostname="NAYANA" failures="0" tests="2" name="Test" time="9.722" errors="0" timestamp="2026-09-17T10:36:11 IST">
  <testcase classname="testScript.LoginTest" name="verifyUserLoginWithInvalidCredentials" time="1.177"/>
  <testcase classname="testScript.LoginTest" name="verifyUserLoginWithInvalidCredentials" time="0.942"/>
  <testcase classname="testScript.LoginTest" name="verifyUserLoginWithValidCredentials" time="0.0">
    <ignored/>
  </testcase> <!-- verifyUserLoginWithValidCredentials -->
  <testcase classname="testScript.LoginTest" name="verifyUserLoginWithValidUsernameInvalidPassword" time="0.0">
    <ignored/>
  </testcase> <!-- verifyUserLoginWithValidUsernameInvalidPassword -->
  <testcase classname="testScript.LoginTest" name="verifyUserLoginWithInvalidUsernameValidPassword" time="0.0">
    <ignored/>
  </testcase> <!-- verifyUserLoginWithInvalidUsernameValidPassword -->
</testsuite> <!-- Test -->
